<?xml version="1.0" encoding="UTF-8"?>
<!-- Generated by org.testng.reporters.JUnitReportReporter -->
<testsuite hostname="ITDVK-TST013L" failures="0" tests="1" name="Pharmacy_Management.PurchaseOrderTest" time="2.743" errors="0" timestamp="2025-01-28T18:01:23 IST" skipped="0">
  <testcase classname="Pharmacy_Management.PurchaseOrderTest" name="userAbleToVerifyThePurchaseOrderTest" time="2.743"/>
  <system-out/>
</testsuite> <!-- Pharmacy_Management.PurchaseOrderTest -->
