<?xml version="1.0" encoding="UTF-8"?>
<!-- Generated by org.testng.reporters.JUnitReportReporter -->
<testsuite hostname="ITDVK-DEV0039" failures="0" tests="1" name="LoginPage.LoginTest" time="4.910" errors="0" timestamp="2024-12-05T10:56:51 IST" skipped="0">
  <testcase classname="LoginPage.LoginTest" name="loginThePage" time="4.910"/>
  <system-out/>
</testsuite> <!-- LoginPage.LoginTest -->
